<?xml version="1.0" encoding="UTF-8"?>
<!-- Generated by org.testng.reporters.JUnitReportReporter -->
<testsuite hostname="BDC8-DX-6MQJH92" name="Calci" tests="1" failures="0" timestamp="4 Nov 2017 12:33:18 GMT" time="3.657" errors="0">
  <testcase name="testCalc" time="3.657" classname="Calci"/>
</testsuite> <!-- Calci -->
