<?xml version="1.0" encoding="UTF-8"?>
<!-- Generated by org.testng.reporters.JUnitReportReporter -->
<testsuite hostname="BDC8-DX-6MQJH92" name="hybridApp.testAppiumDemo" tests="1" failures="0" timestamp="5 Nov 2017 05:35:43 GMT" time="6.558" errors="0">
  <testcase name="f" time="6.558" classname="hybridApp.testAppiumDemo"/>
</testsuite> <!-- hybridApp.testAppiumDemo -->
